{
  "RSpec": {
    "coverage": {
      "/home/cerulean-chain-9117/tic-tac-toe-rb-online-web-sp-000/lib/tic_tac_toe.rb": [
        1,
        null,
        1,
        24,
        24,
        24,
        24,
        24,
        null,
        null,
        1,
        23,
        null,
        null,
        1,
        23,
        null,
        null,
        1,
        25,
        null,
        null,
        1,
        23,
        null,
        null,
        1,
        20,
        20,
        20,
        20,
        19,
        19,
        null,
        1,
        null,
        null,
        null,
        1,
        21,
        21,
        189,
        31,
        null,
        null,
        21,
        null,
        null,
        null,
        1,
        20,
        14,
        null,
        6,
        null,
        null,
        null,
        null,
        null,
        1,
        78,
        8,
        70,
        0,
        70,
        4,
        66,
        0,
        66,
        2,
        64,
        4,
        60,
        4,
        56,
        4,
        null,
        52,
        null,
        null,
        null,
        1,
        230,
        null,
        null,
        1,
        20,
        3,
        17,
        12,
        null,
        5,
        null,
        null,
        null,
        1,
        21,
        10,
        null,
        null,
        null,
        1,
        7,
        1,
        null,
        6,
        6,
        6,
        4,
        2,
        2,
        null,
        null,
        null,
        null,
        null,
        1,
        12,
        17,
        null,
        null,
        12,
        5,
        7,
        3,
        null,
        null
      ]
    },
    "timestamp": 1591132328
  }
}
