{
  "RSpec": {
    "coverage": {
      "/home/cerulean-chain-9117/tic-tac-toe-rb-online-web-sp-000/lib/tic_tac_toe.rb": [
        1,
        null,
        1,
        13,
        13,
        13,
        13,
        13,
        null,
        null,
        1,
        13,
        null,
        null,
        1,
        13,
        null,
        null,
        1,
        13,
        null,
        null,
        1,
        13,
        null,
        null,
        1,
        13,
        13,
        13,
        13,
        13,
        13,
        null,
        0,
        null,
        null,
        null,
        1,
        0,
        0,
        0,
        0,
        null,
        null,
        0,
        null,
        null,
        null,
        1,
        0,
        0,
        null,
        0,
        null,
        null,
        null,
        null,
        null,
        1,
        47,
        15,
        32,
        0,
        32,
        4,
        28,
        0,
        28,
        0,
        28,
        0,
        28,
        0,
        28,
        0,
        null,
        28,
        null,
        null,
        null,
        1,
        100,
        null,
        null,
        1,
        14,
        2,
        12,
        6,
        null,
        6,
        null,
        null,
        null,
        1,
        14,
        8,
        null,
        null,
        null,
        1,
        0,
        0,
        null,
        0,
        0,
        0,
        0,
        0,
        0,
        null,
        null,
        null,
        null,
        null,
        1,
        12,
        13,
        null,
        12,
        1,
        11,
        3,
        null,
        null
      ]
    },
    "timestamp": 1591131461
  }
}
